<?xml version="1.0" encoding="UTF-8"?>
<!-- Generated by org.testng.reporters.JUnitXMLReporter -->
<testsuite ignored="0" hostname="Bellevue" failures="0" tests="10" name="Surefire test" time="9.731" errors="0" timestamp="2023-10-10T21:51:41 PDT">
  <testcase classname="api.test.DataDrivenTests" name="Test_PostUser" time="2.017"/>
  <testcase classname="api.test.DataDrivenTests" name="Test_PostUser" time="0.483"/>
  <testcase classname="api.test.DataDrivenTests" name="Test_PostUser" time="0.485"/>
  <testcase classname="api.test.DataDrivenTests" name="Test_DeleteUserByName" time="0.494"/>
  <testcase classname="api.test.DataDrivenTests" name="Test_DeleteUserByName" time="0.461"/>
  <testcase classname="api.test.DataDrivenTests" name="Test_DeleteUserByName" time="0.459"/>
  <testcase classname="api.test.UserTests" name="test_PostUser" time="0.469"/>
  <testcase classname="api.test.UserTests" name="test_GetUserByName" time="0.481"/>
  <testcase classname="api.test.UserTests" name="test_UpdateUserByName" time="0.987"/>
  <testcase classname="api.test.UserTests" name="test_DeleteUserByName" time="1.46"/>
</testsuite> <!-- Surefire test -->
