<?xml version="1.0" encoding="UTF-8"?>
<!-- Generated by org.testng.reporters.JUnitXMLReporter -->
<testsuite ignored="0" hostname="Bellevue" failures="0" tests="4" name="Default test" time="6.012" errors="0" timestamp="2023-10-10T17:18:50 PDT">
  <testcase classname="api.test.UserTests" name="test_PostUser" time="2.233"/>
  <testcase classname="api.test.UserTests" name="test_GetUserByName" time="0.492"/>
  <testcase classname="api.test.UserTests" name="test_UpdateUserByName" time="0.923"/>
  <testcase classname="api.test.UserTests" name="test_DeleteUserByName" time="1.463"/>
</testsuite> <!-- Default test -->
