<?xml version="1.0" encoding="UTF-8"?>
<!-- Generated by org.testng.reporters.JUnitXMLReporter -->
<testsuite ignored="0" hostname="Bellevue" failures="0" tests="4" name="Test" time="6.206" errors="0" timestamp="2023-10-10T17:19:38 PDT">
  <testcase classname="api.test.UserTests" name="test_PostUser" time="2.227"/>
  <testcase classname="api.test.UserTests" name="test_GetUserByName" time="0.476"/>
  <testcase classname="api.test.UserTests" name="test_UpdateUserByName" time="0.93"/>
  <testcase classname="api.test.UserTests" name="test_DeleteUserByName" time="1.492"/>
</testsuite> <!-- Test -->
