<?xml version="1.0" encoding="UTF-8"?>
<testng-results ignored="0" total="10" passed="10" failed="0" skipped="0">
  <reporter-output>
  </reporter-output>
  <suite started-at="2023-10-10T21:51:31 PDT" name="Surefire suite" finished-at="2023-10-10T21:51:41 PDT" duration-ms="9731">
    <groups>
    </groups>
    <test started-at="2023-10-10T21:51:31 PDT" name="Surefire test" finished-at="2023-10-10T21:51:41 PDT" duration-ms="9731">
      <class name="api.test.DataDrivenTests">
        <test-method signature="Test_PostUser(java.lang.String,java.lang.String,java.lang.String,java.lang.String,java.lang.String,java.lang.String,java.lang.String)[pri:1, instance:api.test.DataDrivenTests@14d3bc22]" started-at="2023-10-10T21:51:32 PDT" name="Test_PostUser" data-provider="Data" finished-at="2023-10-10T21:51:34 PDT" duration-ms="2017" status="PASS">
          <params>
            <param index="0">
              <value>
                <![CDATA[1010]]>
              </value>
            </param>
            <param index="1">
              <value>
                <![CDATA[testuser1]]>
              </value>
            </param>
            <param index="2">
              <value>
                <![CDATA[John]]>
              </value>
            </param>
            <param index="3">
              <value>
                <![CDATA[Canedy]]>
              </value>
            </param>
            <param index="4">
              <value>
                <![CDATA[a@gmail.com]]>
              </value>
            </param>
            <param index="5">
              <value>
                <![CDATA[test@1]]>
              </value>
            </param>
            <param index="6">
              <value>
                <![CDATA[1234567897]]>
              </value>
            </param>
          </params>
          <reporter-output>
          </reporter-output>
        </test-method> <!-- Test_PostUser -->
        <test-method signature="Test_PostUser(java.lang.String,java.lang.String,java.lang.String,java.lang.String,java.lang.String,java.lang.String,java.lang.String)[pri:1, instance:api.test.DataDrivenTests@14d3bc22]" started-at="2023-10-10T21:51:34 PDT" name="Test_PostUser" data-provider="Data" finished-at="2023-10-10T21:51:35 PDT" duration-ms="483" status="PASS">
          <params>
            <param index="0">
              <value>
                <![CDATA[1020]]>
              </value>
            </param>
            <param index="1">
              <value>
                <![CDATA[testuser2]]>
              </value>
            </param>
            <param index="2">
              <value>
                <![CDATA[Kim]]>
              </value>
            </param>
            <param index="3">
              <value>
                <![CDATA[Kom]]>
              </value>
            </param>
            <param index="4">
              <value>
                <![CDATA[b@gmail.com]]>
              </value>
            </param>
            <param index="5">
              <value>
                <![CDATA[test@2]]>
              </value>
            </param>
            <param index="6">
              <value>
                <![CDATA[1234567897]]>
              </value>
            </param>
          </params>
          <reporter-output>
          </reporter-output>
        </test-method> <!-- Test_PostUser -->
        <test-method signature="Test_PostUser(java.lang.String,java.lang.String,java.lang.String,java.lang.String,java.lang.String,java.lang.String,java.lang.String)[pri:1, instance:api.test.DataDrivenTests@14d3bc22]" started-at="2023-10-10T21:51:35 PDT" name="Test_PostUser" data-provider="Data" finished-at="2023-10-10T21:51:35 PDT" duration-ms="485" status="PASS">
          <params>
            <param index="0">
              <value>
                <![CDATA[1030]]>
              </value>
            </param>
            <param index="1">
              <value>
                <![CDATA[testuser3]]>
              </value>
            </param>
            <param index="2">
              <value>
                <![CDATA[Smith]]>
              </value>
            </param>
            <param index="3">
              <value>
                <![CDATA[Steve]]>
              </value>
            </param>
            <param index="4">
              <value>
                <![CDATA[c@gmail.com]]>
              </value>
            </param>
            <param index="5">
              <value>
                <![CDATA[test@3]]>
              </value>
            </param>
            <param index="6">
              <value>
                <![CDATA[1234567897]]>
              </value>
            </param>
          </params>
          <reporter-output>
          </reporter-output>
        </test-method> <!-- Test_PostUser -->
        <test-method signature="Test_DeleteUserByName(java.lang.String)[pri:2, instance:api.test.DataDrivenTests@14d3bc22]" started-at="2023-10-10T21:51:36 PDT" name="Test_DeleteUserByName" data-provider="UserNames" finished-at="2023-10-10T21:51:36 PDT" duration-ms="494" status="PASS">
          <params>
            <param index="0">
              <value>
                <![CDATA[testuser1]]>
              </value>
            </param>
          </params>
          <reporter-output>
          </reporter-output>
        </test-method> <!-- Test_DeleteUserByName -->
        <test-method signature="Test_DeleteUserByName(java.lang.String)[pri:2, instance:api.test.DataDrivenTests@14d3bc22]" started-at="2023-10-10T21:51:36 PDT" name="Test_DeleteUserByName" data-provider="UserNames" finished-at="2023-10-10T21:51:36 PDT" duration-ms="461" status="PASS">
          <params>
            <param index="0">
              <value>
                <![CDATA[testuser2]]>
              </value>
            </param>
          </params>
          <reporter-output>
          </reporter-output>
        </test-method> <!-- Test_DeleteUserByName -->
        <test-method signature="Test_DeleteUserByName(java.lang.String)[pri:2, instance:api.test.DataDrivenTests@14d3bc22]" started-at="2023-10-10T21:51:36 PDT" name="Test_DeleteUserByName" data-provider="UserNames" finished-at="2023-10-10T21:51:37 PDT" duration-ms="459" status="PASS">
          <params>
            <param index="0">
              <value>
                <![CDATA[testuser3]]>
              </value>
            </param>
          </params>
          <reporter-output>
          </reporter-output>
        </test-method> <!-- Test_DeleteUserByName -->
      </class> <!-- api.test.DataDrivenTests -->
      <class name="api.test.UserTests">
        <test-method is-config="true" signature="setUp()[pri:0, instance:api.test.UserTests@1e802ef9]" started-at="2023-10-10T21:51:37 PDT" name="setUp" finished-at="2023-10-10T21:51:37 PDT" duration-ms="179" status="PASS">
          <reporter-output>
          </reporter-output>
        </test-method> <!-- setUp -->
        <test-method signature="test_PostUser()[pri:1, instance:api.test.UserTests@1e802ef9]" started-at="2023-10-10T21:51:37 PDT" name="test_PostUser" finished-at="2023-10-10T21:51:38 PDT" duration-ms="469" status="PASS">
          <reporter-output>
          </reporter-output>
        </test-method> <!-- test_PostUser -->
        <test-method signature="test_GetUserByName()[pri:2, instance:api.test.UserTests@1e802ef9]" started-at="2023-10-10T21:51:38 PDT" name="test_GetUserByName" finished-at="2023-10-10T21:51:38 PDT" duration-ms="481" status="PASS">
          <reporter-output>
          </reporter-output>
        </test-method> <!-- test_GetUserByName -->
        <test-method signature="test_UpdateUserByName()[pri:3, instance:api.test.UserTests@1e802ef9]" started-at="2023-10-10T21:51:38 PDT" name="test_UpdateUserByName" finished-at="2023-10-10T21:51:39 PDT" duration-ms="987" status="PASS">
          <reporter-output>
          </reporter-output>
        </test-method> <!-- test_UpdateUserByName -->
        <test-method signature="test_DeleteUserByName()[pri:4, instance:api.test.UserTests@1e802ef9]" started-at="2023-10-10T21:51:39 PDT" name="test_DeleteUserByName" finished-at="2023-10-10T21:51:41 PDT" duration-ms="1460" status="PASS">
          <reporter-output>
          </reporter-output>
        </test-method> <!-- test_DeleteUserByName -->
      </class> <!-- api.test.UserTests -->
    </test> <!-- Surefire test -->
  </suite> <!-- Surefire suite -->
</testng-results>
