<?xml version="1.0" encoding="UTF-8"?>
<testsuite xmlns:xsi="http://www.w3.org/2001/XMLSchema-instance" xsi:noNamespaceSchemaLocation="https://maven.apache.org/surefire/maven-surefire-plugin/xsd/surefire-test-report-3.0.xsd" version="3.0" name="TestSuite" time="10.263" tests="10" errors="0" skipped="0" failures="0">
  <properties>
[...]
</properties>
  <testcase name="Test_PostUser[1010, testuser1, John, Canedy, a@gmail.com, test@1, 1234567897](1)" classname="api.test.DataDrivenTests" time="2.015">
    <system-out><![CDATA[HTTP/1.1 200 OK
Date: Wed, 11 Oct 2023 04:51:34 GMT
Content-Type: application/json
Transfer-Encoding: chunked
Connection: keep-alive
Access-Control-Allow-Origin: *
Access-Control-Allow-Methods: GET, POST, DELETE, PUT
Access-Control-Allow-Headers: Content-Type, api_key, Authorization
Server: Jetty(9.2.9.v20150224)

{
    "code": 200,
    "type": "unknown",
    "message": "1010"
}
]]></system-out>
    <system-err><![CDATA[SLF4J: Failed to load class "org.slf4j.impl.StaticLoggerBinder".
SLF4J: Defaulting to no-operation (NOP) logger implementation
SLF4J: See http://www.slf4j.org/codes.html#StaticLoggerBinder for further details.
]]></system-err>
  </testcase>
  <testcase name="Test_PostUser[1020, testuser2, Kim, Kom, b@gmail.com, test@2, 1234567897](2)" classname="api.test.DataDrivenTests" time="0.503">
    <system-out><![CDATA[HTTP/1.1 200 OK
Date: Wed, 11 Oct 2023 04:51:35 GMT
Content-Type: application/json
Transfer-Encoding: chunked
Connection: keep-alive
Access-Control-Allow-Origin: *
Access-Control-Allow-Methods: GET, POST, DELETE, PUT
Access-Control-Allow-Headers: Content-Type, api_key, Authorization
Server: Jetty(9.2.9.v20150224)

{
    "code": 200,
    "type": "unknown",
    "message": "1020"
}
]]></system-out>
  </testcase>
  <testcase name="Test_PostUser[1030, testuser3, Smith, Steve, c@gmail.com, test@3, 1234567897](3)" classname="api.test.DataDrivenTests" time="0.489">
    <system-out><![CDATA[HTTP/1.1 200 OK
Date: Wed, 11 Oct 2023 04:51:35 GMT
Content-Type: application/json
Transfer-Encoding: chunked
Connection: keep-alive
Access-Control-Allow-Origin: *
Access-Control-Allow-Methods: GET, POST, DELETE, PUT
Access-Control-Allow-Headers: Content-Type, api_key, Authorization
Server: Jetty(9.2.9.v20150224)

{
    "code": 200,
    "type": "unknown",
    "message": "1030"
}
]]></system-out>
  </testcase>
  <testcase name="Test_DeleteUserByName[testuser1](1)" classname="api.test.DataDrivenTests" time="0.502"/>
  <testcase name="Test_DeleteUserByName[testuser2](2)" classname="api.test.DataDrivenTests" time="0.469"/>
  <testcase name="Test_DeleteUserByName[testuser3](3)" classname="api.test.DataDrivenTests" time="0.451"/>
  <testcase name="test_PostUser" classname="api.test.UserTests" time="0.481">
    <system-out><![CDATA[HTTP/1.1 200 OK
Date: Wed, 11 Oct 2023 04:51:38 GMT
Content-Type: application/json
Transfer-Encoding: chunked
Connection: keep-alive
Access-Control-Allow-Origin: *
Access-Control-Allow-Methods: GET, POST, DELETE, PUT
Access-Control-Allow-Headers: Content-Type, api_key, Authorization
Server: Jetty(9.2.9.v20150224)

{
    "code": 200,
    "type": "unknown",
    "message": "989992548"
}
]]></system-out>
  </testcase>
  <testcase name="test_GetUserByName" classname="api.test.UserTests" time="0.484">
    <system-out><![CDATA[HTTP/1.1 200 OK
Date: Wed, 11 Oct 2023 04:51:38 GMT
Content-Type: application/json
Transfer-Encoding: chunked
Connection: keep-alive
Access-Control-Allow-Origin: *
Access-Control-Allow-Methods: GET, POST, DELETE, PUT
Access-Control-Allow-Headers: Content-Type, api_key, Authorization
Server: Jetty(9.2.9.v20150224)

{
    "id": 989992548,
    "username": "france.satterfield",
    "firstName": "Jame",
    "lastName": "Skiles",
    "email": "jose.medhurst@example.com",
    "password": "0m288q",
    "phone": "264-164-8685",
    "userStatus": 0
}
]]></system-out>
  </testcase>
  <testcase name="test_UpdateUserByName" classname="api.test.UserTests" time="0.991">
    <system-out><![CDATA[{
    "code": 200,
    "type": "unknown",
    "message": "989992548"
}
{
    "id": 989992548,
    "username": "france.satterfield",
    "firstName": "Adan",
    "lastName": "Spencer",
    "email": "jose.medhurst@example.com",
    "password": "0m288q",
    "phone": "264-164-8685",
    "userStatus": 0
}
]]></system-out>
  </testcase>
  <testcase name="test_DeleteUserByName" classname="api.test.UserTests" time="1.439">
    <system-out><![CDATA[HTTP/1.1 404 Not Found
Date: Wed, 11 Oct 2023 04:51:40 GMT
Content-Type: application/json
Transfer-Encoding: chunked
Connection: keep-alive
Access-Control-Allow-Origin: *
Access-Control-Allow-Methods: GET, POST, DELETE, PUT
Access-Control-Allow-Headers: Content-Type, api_key, Authorization
Server: Jetty(9.2.9.v20150224)

{
    "code": 1,
    "type": "error",
    "message": "User not found"
}
]]></system-out>
  </testcase>
</testsuite>