<?xml version="1.0" encoding="UTF-8"?>
<testng-results ignored="0" total="4" passed="4" failed="0" skipped="0">
  <reporter-output>
  </reporter-output>
  <suite started-at="2023-10-10T17:19:32 PDT" name="Suite" finished-at="2023-10-10T17:19:38 PDT" duration-ms="6206">
    <groups>
    </groups>
    <test started-at="2023-10-10T17:19:32 PDT" name="Test" finished-at="2023-10-10T17:19:38 PDT" duration-ms="6206">
      <class name="api.test.UserTests">
        <test-method is-config="true" signature="setUp()[pri:0, instance:api.test.UserTests@27f981c6]" started-at="2023-10-10T17:19:32 PDT" name="setUp" finished-at="2023-10-10T17:19:33 PDT" duration-ms="752" status="PASS">
          <reporter-output>
          </reporter-output>
        </test-method> <!-- setUp -->
        <test-method signature="test_PostUser()[pri:1, instance:api.test.UserTests@27f981c6]" started-at="2023-10-10T17:19:33 PDT" name="test_PostUser" finished-at="2023-10-10T17:19:35 PDT" duration-ms="2227" status="PASS">
          <reporter-output>
          </reporter-output>
        </test-method> <!-- test_PostUser -->
        <test-method signature="test_GetUserByName()[pri:2, instance:api.test.UserTests@27f981c6]" started-at="2023-10-10T17:19:35 PDT" name="test_GetUserByName" finished-at="2023-10-10T17:19:36 PDT" duration-ms="476" status="PASS">
          <reporter-output>
          </reporter-output>
        </test-method> <!-- test_GetUserByName -->
        <test-method signature="test_UpdateUserByName()[pri:3, instance:api.test.UserTests@27f981c6]" started-at="2023-10-10T17:19:36 PDT" name="test_UpdateUserByName" finished-at="2023-10-10T17:19:37 PDT" duration-ms="930" status="PASS">
          <reporter-output>
          </reporter-output>
        </test-method> <!-- test_UpdateUserByName -->
        <test-method signature="test_DeleteUserByName()[pri:4, instance:api.test.UserTests@27f981c6]" started-at="2023-10-10T17:19:37 PDT" name="test_DeleteUserByName" finished-at="2023-10-10T17:19:38 PDT" duration-ms="1492" status="PASS">
          <reporter-output>
          </reporter-output>
        </test-method> <!-- test_DeleteUserByName -->
      </class> <!-- api.test.UserTests -->
    </test> <!-- Test -->
  </suite> <!-- Suite -->
</testng-results>
