<?xml version="1.0" encoding="UTF-8"?>
<!-- Generated by org.testng.reporters.JUnitReportReporter -->
<testsuite hostname="Bellevue" failures="0" tests="4" name="api.test.UserTests" time="5.125" errors="0" timestamp="2023-10-10T17:19:39 PDT" skipped="0">
  <testcase classname="api.test.UserTests" name="test_PostUser" time="2.227"/>
  <system-out/>
  <testcase classname="api.test.UserTests" name="test_GetUserByName" time="0.476"/>
  <system-out/>
  <testcase classname="api.test.UserTests" name="test_UpdateUserByName" time="0.930"/>
  <system-out/>
  <testcase classname="api.test.UserTests" name="test_DeleteUserByName" time="1.492"/>
  <system-out/>
</testsuite> <!-- api.test.UserTests -->
