<?xml version="1.0" encoding="UTF-8"?>
<!-- Generated by org.testng.reporters.JUnitReportReporter -->
<testsuite hostname="Bellevue" failures="0" tests="6" name="api.test.DataDrivenTests" time="4.508" errors="0" timestamp="2023-10-10T16:41:29 PDT" skipped="0">
  <testcase classname="api.test.DataDrivenTests" name="Test_PostUser" time="2.133"/>
  <system-out/>
  <testcase classname="api.test.DataDrivenTests" name="Test_PostUser" time="0.461"/>
  <system-out/>
  <testcase classname="api.test.DataDrivenTests" name="Test_PostUser" time="0.462"/>
  <system-out/>
  <testcase classname="api.test.DataDrivenTests" name="Test_DeleteUserByName" time="0.524"/>
  <system-out/>
  <testcase classname="api.test.DataDrivenTests" name="Test_DeleteUserByName" time="0.475"/>
  <system-out/>
  <testcase classname="api.test.DataDrivenTests" name="Test_DeleteUserByName" time="0.453"/>
  <system-out/>
</testsuite> <!-- api.test.DataDrivenTests -->
