<?xml version="1.0" encoding="UTF-8"?>
<!-- Generated by org.testng.reporters.JUnitReportReporter -->
<testsuite hostname="Bellevue" failures="0" tests="6" name="api.test.DataDrivenTests" time="4.399" errors="0" timestamp="2023-10-10T21:51:41 PDT" skipped="0">
  <testcase classname="api.test.DataDrivenTests" name="Test_PostUser" time="0.483"/>
  <system-out/>
  <testcase classname="api.test.DataDrivenTests" name="Test_PostUser" time="0.485"/>
  <system-out/>
  <testcase classname="api.test.DataDrivenTests" name="Test_PostUser" time="2.017"/>
  <system-out/>
  <testcase classname="api.test.DataDrivenTests" name="Test_DeleteUserByName" time="0.494"/>
  <system-out/>
  <testcase classname="api.test.DataDrivenTests" name="Test_DeleteUserByName" time="0.459"/>
  <system-out/>
  <testcase classname="api.test.DataDrivenTests" name="Test_DeleteUserByName" time="0.461"/>
  <system-out/>
</testsuite> <!-- api.test.DataDrivenTests -->
