<?xml version="1.0" encoding="UTF-8"?>
<!-- Generated by org.testng.reporters.JUnitReportReporter -->
<testsuite hostname="Bellevue" failures="0" tests="4" name="api.test.UserTests" time="3.397" errors="0" timestamp="2023-10-10T21:51:41 PDT" skipped="0">
  <testcase classname="api.test.UserTests" name="test_PostUser" time="0.469"/>
  <system-out/>
  <testcase classname="api.test.UserTests" name="test_GetUserByName" time="0.481"/>
  <system-out/>
  <testcase classname="api.test.UserTests" name="test_UpdateUserByName" time="0.987"/>
  <system-out/>
  <testcase classname="api.test.UserTests" name="test_DeleteUserByName" time="1.460"/>
  <system-out/>
</testsuite> <!-- api.test.UserTests -->
